<?xml version="1.0" encoding="UTF-8"?>
<!-- Generated by org.testng.reporters.JUnitXMLReporter -->
<testsuite ignored="0" hostname="DESKTOP-M6L6L48" failures="0" tests="3" name="Default test" time="55.994" errors="0" timestamp="2022-10-21T10:39:49 IST">
  <testcase classname="com.rll.test.AdminTesting" name="Admin" time="30.907"/>
  <testcase classname="com.rll.test.UserTesting" name="User" time="13.515"/>
  <testcase classname="com.rll.test.XAddCartTesting" name="XCart" time="11.519"/>
</testsuite> <!-- Default test -->
